[16:45:58] [main/INFO]: Loading tweak class name cpw.mods.fml.common.launcher.FMLTweaker
[16:45:58] [main/INFO]: Using primary tweak class name cpw.mods.fml.common.launcher.FMLTweaker
[16:45:58] [main/INFO]: Calling tweak class cpw.mods.fml.common.launcher.FMLTweaker
[16:45:58] [main/INFO]: Forge Mod Loader version 7.10.85.1230 for Minecraft 1.7.10 loading
[16:45:58] [main/INFO]: Java is Java HotSpot(TM) 64-Bit Server VM, version 1.7.0_45, running on Mac OS X:x86_64:10.10.1, installed at /Library/Java/JavaVirtualMachines/jdk1.7.0_45.jdk/Contents/Home/jre
[16:45:58] [main/INFO]: Managed to load a deobfuscated Minecraft name- we are in a deobfuscated environment. Skipping runtime deobfuscation
[16:45:58] [main/INFO]: Loading tweak class name cpw.mods.fml.common.launcher.FMLInjectionAndSortingTweaker
[16:45:58] [main/INFO]: Loading tweak class name cpw.mods.fml.common.launcher.FMLDeobfTweaker
[16:45:58] [main/INFO]: Calling tweak class cpw.mods.fml.common.launcher.FMLInjectionAndSortingTweaker
[16:45:58] [main/INFO]: Calling tweak class cpw.mods.fml.common.launcher.FMLInjectionAndSortingTweaker
[16:45:58] [main/INFO]: Calling tweak class cpw.mods.fml.relauncher.CoreModManager$FMLPluginWrapper
[16:45:59] [main/ERROR]: The binary patch set is missing. Either you are in a development environment, or things are not going to work!
[16:45:59] [main/ERROR]: FML appears to be missing any signature data. This is not a good thing
[16:45:59] [main/INFO]: Calling tweak class cpw.mods.fml.relauncher.CoreModManager$FMLPluginWrapper
[16:45:59] [main/INFO]: Calling tweak class cpw.mods.fml.common.launcher.FMLDeobfTweaker
[16:46:00] [main/INFO]: Loading tweak class name cpw.mods.fml.common.launcher.TerminalTweaker
[16:46:00] [main/INFO]: Calling tweak class cpw.mods.fml.common.launcher.TerminalTweaker
[16:46:00] [main/INFO]: Launching wrapped minecraft {net.minecraft.client.main.Main}
[16:46:01] [main/ERROR]: Unable to launch
java.lang.reflect.InvocationTargetException
	at sun.reflect.NativeMethodAccessorImpl.invoke0(Native Method) ~[?:1.7.0_45]
	at sun.reflect.NativeMethodAccessorImpl.invoke(NativeMethodAccessorImpl.java:57) ~[?:1.7.0_45]
	at sun.reflect.DelegatingMethodAccessorImpl.invoke(DelegatingMethodAccessorImpl.java:43) ~[?:1.7.0_45]
	at java.lang.reflect.Method.invoke(Method.java:606) ~[?:1.7.0_45]
	at net.minecraft.launchwrapper.Launch.launch(Launch.java:135) [launchwrapper-1.11.jar:?]
	at net.minecraft.launchwrapper.Launch.main(Launch.java:28) [launchwrapper-1.11.jar:?]
	at sun.reflect.NativeMethodAccessorImpl.invoke0(Native Method) ~[?:1.7.0_45]
	at sun.reflect.NativeMethodAccessorImpl.invoke(NativeMethodAccessorImpl.java:57) ~[?:1.7.0_45]
	at sun.reflect.DelegatingMethodAccessorImpl.invoke(DelegatingMethodAccessorImpl.java:43) ~[?:1.7.0_45]
	at java.lang.reflect.Method.invoke(Method.java:606) ~[?:1.7.0_45]
	at com.intellij.rt.execution.application.AppMain.main(AppMain.java:134) [idea_rt.jar:?]
Caused by: java.lang.UnsatisfiedLinkError: no lwjgl in java.library.path
	at java.lang.ClassLoader.loadLibrary(ClassLoader.java:1886) ~[?:1.7.0_45]
	at java.lang.Runtime.loadLibrary0(Runtime.java:849) ~[?:1.7.0_45]
	at java.lang.System.loadLibrary(System.java:1088) ~[?:1.7.0_45]
	at org.lwjgl.Sys$1.run(Sys.java:73) ~[lwjgl-2.9.1.jar:?]
	at java.security.AccessController.doPrivileged(Native Method) ~[?:1.7.0_45]
	at org.lwjgl.Sys.doLoadLibrary(Sys.java:66) ~[lwjgl-2.9.1.jar:?]
	at org.lwjgl.Sys.loadLibrary(Sys.java:95) ~[lwjgl-2.9.1.jar:?]
	at org.lwjgl.Sys.<clinit>(Sys.java:112) ~[lwjgl-2.9.1.jar:?]
	at net.minecraft.client.Minecraft.getSystemTime(Minecraft.java:2660) ~[Minecraft.class:?]
	at net.minecraft.client.main.Main.main(SourceFile:72) ~[Main.class:?]
	... 11 more
